<?xml version="1.0" encoding="UTF-8"?>
<!-- Generated by org.testng.reporters.JUnitReportReporter -->
<testsuite name="test.java.PalindromeTest" tests="1" time="256.968" ignored="0" failures="0" timestamp="20 Feb 2020 12:07:02 GMT" skipped="0" hostname="DESKTOP-ETKJB92" errors="0">
  <testcase name="PalindromeCheckerTest" time="256.968" classname="test.java.PalindromeTest"/>
</testsuite> <!-- test.java.PalindromeTest -->
